2026-06-14 12:14:21,475 | DEBUG | Using selector: SelectSelector
2026-06-14 12:14:22,998 | DEBUG | Using selector: SelectSelector
2026-06-14 12:14:33,210 | DEBUG | User wants to create a new book
2026-06-14 12:14:33,315 | WARNING | User adds a new book to mysql
2026-06-14 12:14:33,327 | INFO | The new book was added successfully
2026-06-14 12:22:13,984 | DEBUG | Using selector: SelectSelector
2026-06-14 12:22:17,311 | DEBUG | User wants to create a new book
2026-06-14 12:22:30,431 | DEBUG | Using selector: SelectSelector
2026-06-14 12:22:32,675 | DEBUG | User wants to create a new book
2026-06-14 12:22:38,231 | DEBUG | Using selector: SelectSelector
2026-06-14 12:22:39,698 | DEBUG | Using selector: SelectSelector
2026-06-14 12:22:44,195 | DEBUG | Using selector: SelectSelector
2026-06-14 12:22:45,935 | DEBUG | User wants to create a new book
2026-06-14 12:22:45,987 | WARNING | User adds a new book to mysql
2026-06-14 12:22:46,035 | INFO | The new book was added successfully
2026-06-14 12:25:27,280 | DEBUG | Using selector: SelectSelector
2026-06-14 12:25:47,336 | DEBUG | Using selector: SelectSelector
2026-06-14 12:26:32,247 | DEBUG | Using selector: SelectSelector
2026-06-14 12:26:51,688 | DEBUG | Using selector: SelectSelector
2026-06-14 12:26:55,480 | DEBUG | Using selector: SelectSelector
2026-06-14 12:27:05,094 | DEBUG | Using selector: SelectSelector
2026-06-14 12:27:08,929 | DEBUG | Using selector: SelectSelector
2026-06-14 12:27:11,148 | DEBUG | Using selector: SelectSelector
2026-06-14 12:27:14,115 | DEBUG | Using selector: SelectSelector
2026-06-14 12:27:25,689 | DEBUG | Using selector: SelectSelector
2026-06-14 12:27:28,288 | DEBUG | Using selector: SelectSelector
2026-06-14 12:27:30,419 | DEBUG | Using selector: SelectSelector
2026-06-14 12:27:34,571 | DEBUG | Using selector: SelectSelector
2026-06-14 12:27:44,105 | DEBUG | Using selector: SelectSelector
2026-06-14 12:28:01,986 | DEBUG | Using selector: SelectSelector
2026-06-14 12:28:19,897 | DEBUG | Using selector: SelectSelector
2026-06-14 12:28:36,221 | DEBUG | Using selector: SelectSelector
2026-06-14 12:28:37,592 | DEBUG | Using selector: SelectSelector
2026-06-14 12:30:44,106 | DEBUG | Using selector: SelectSelector
2026-06-14 12:30:53,358 | DEBUG | Using selector: SelectSelector
2026-06-14 12:31:16,919 | DEBUG | Using selector: SelectSelector
2026-06-14 12:34:16,998 | DEBUG | Using selector: SelectSelector
2026-06-14 12:34:20,579 | DEBUG | Using selector: SelectSelector
2026-06-14 12:34:26,799 | DEBUG | Using selector: SelectSelector
2026-06-14 12:34:32,348 | DEBUG | Using selector: SelectSelector
2026-06-14 12:34:34,034 | DEBUG | Using selector: SelectSelector
2026-06-14 12:34:58,575 | DEBUG | Using selector: SelectSelector
2026-06-14 12:35:08,163 | DEBUG | Using selector: SelectSelector
2026-06-14 12:35:13,875 | DEBUG | Using selector: SelectSelector
2026-06-14 12:35:43,586 | DEBUG | User wants to see all books
2026-06-14 12:38:44,206 | DEBUG | Using selector: SelectSelector
2026-06-14 12:38:46,307 | DEBUG | Using selector: SelectSelector
2026-06-14 12:39:06,926 | DEBUG | Using selector: SelectSelector
2026-06-14 12:39:09,076 | DEBUG | User wants to see all books
2026-06-14 12:41:40,991 | DEBUG | Using selector: SelectSelector
2026-06-14 12:41:45,847 | DEBUG | Using selector: SelectSelector
2026-06-14 12:41:48,328 | DEBUG | Using selector: SelectSelector
2026-06-14 12:41:54,262 | DEBUG | Using selector: SelectSelector
2026-06-14 12:41:56,078 | DEBUG | Using selector: SelectSelector
2026-06-14 12:41:58,902 | DEBUG | Using selector: SelectSelector
2026-06-14 12:42:05,982 | DEBUG | Using selector: SelectSelector
2026-06-14 12:42:12,429 | DEBUG | User wants to see all books
2026-06-14 12:42:12,475 | INFO | The books were successfully displayed
2026-06-14 12:50:08,374 | DEBUG | Using selector: SelectSelector
2026-06-14 13:00:44,210 | DEBUG | Using selector: SelectSelector
2026-06-14 13:01:07,669 | DEBUG | Using selector: SelectSelector
2026-06-14 13:01:39,040 | DEBUG | Using selector: SelectSelector
2026-06-14 13:01:52,490 | DEBUG | Using selector: SelectSelector
2026-06-14 13:31:46,512 | DEBUG | Using selector: SelectSelector
2026-06-14 13:31:49,400 | DEBUG | Using selector: SelectSelector
2026-06-14 13:32:02,809 | DEBUG | Using selector: SelectSelector
2026-06-14 13:33:21,093 | DEBUG | Using selector: SelectSelector
2026-06-14 13:33:23,576 | DEBUG | User wants to see a book by id
2026-06-14 13:33:30,933 | DEBUG | Using selector: SelectSelector
2026-06-14 14:33:48,450 | DEBUG | Using selector: SelectSelector
2026-06-14 14:33:50,010 | DEBUG | Using selector: SelectSelector
2026-06-14 14:34:26,554 | DEBUG | Using selector: SelectSelector
2026-06-14 14:34:28,397 | DEBUG | Using selector: SelectSelector
2026-06-14 14:35:10,082 | DEBUG | Using selector: SelectSelector
2026-06-14 14:35:12,148 | DEBUG | Using selector: SelectSelector
2026-06-14 14:35:13,944 | DEBUG | Using selector: SelectSelector
2026-06-14 14:35:43,525 | DEBUG | Using selector: SelectSelector
2026-06-14 14:35:52,230 | DEBUG | Using selector: SelectSelector
2026-06-14 14:36:07,686 | DEBUG | Using selector: SelectSelector
2026-06-14 14:36:38,783 | DEBUG | Using selector: SelectSelector
2026-06-14 14:36:40,118 | DEBUG | Using selector: SelectSelector
2026-06-14 14:38:06,034 | DEBUG | Using selector: SelectSelector
2026-06-14 14:38:28,049 | DEBUG | Using selector: SelectSelector
2026-06-14 14:38:47,119 | DEBUG | Using selector: SelectSelector
2026-06-14 14:38:50,454 | DEBUG | Using selector: SelectSelector
2026-06-14 14:38:53,816 | DEBUG | Using selector: SelectSelector
2026-06-14 14:38:57,238 | DEBUG | Using selector: SelectSelector
2026-06-14 14:39:00,943 | DEBUG | Using selector: SelectSelector
2026-06-14 14:39:11,414 | DEBUG | Using selector: SelectSelector
2026-06-14 14:39:22,082 | DEBUG | Using selector: SelectSelector
2026-06-14 14:39:40,407 | DEBUG | Using selector: SelectSelector
2026-06-14 14:40:12,206 | DEBUG | Using selector: SelectSelector
2026-06-14 14:40:19,955 | DEBUG | Using selector: SelectSelector
2026-06-14 14:40:39,567 | DEBUG | Using selector: SelectSelector
2026-06-14 14:41:09,200 | DEBUG | Using selector: SelectSelector
2026-06-14 14:41:10,801 | DEBUG | Using selector: SelectSelector
2026-06-14 14:41:15,596 | DEBUG | Using selector: SelectSelector
2026-06-14 14:41:17,008 | DEBUG | Using selector: SelectSelector
2026-06-14 14:41:18,385 | DEBUG | Using selector: SelectSelector
2026-06-14 14:41:20,194 | DEBUG | Using selector: SelectSelector
2026-06-14 14:41:31,499 | DEBUG | Using selector: SelectSelector
2026-06-14 14:41:42,228 | DEBUG | Using selector: SelectSelector
2026-06-14 14:42:01,939 | DEBUG | Using selector: SelectSelector
2026-06-14 14:42:08,054 | DEBUG | Using selector: SelectSelector
2026-06-14 14:42:34,049 | DEBUG | Using selector: SelectSelector
2026-06-14 14:43:39,603 | DEBUG | Using selector: SelectSelector
2026-06-14 14:43:47,654 | DEBUG | Using selector: SelectSelector
2026-06-14 14:44:30,431 | DEBUG | Using selector: SelectSelector
2026-06-14 14:44:31,824 | DEBUG | Using selector: SelectSelector
2026-06-14 14:44:34,314 | DEBUG | Using selector: SelectSelector
2026-06-14 14:44:41,031 | DEBUG | Using selector: SelectSelector
2026-06-14 14:44:44,463 | DEBUG | Using selector: SelectSelector
2026-06-14 14:44:58,585 | DEBUG | Using selector: SelectSelector
2026-06-14 14:45:00,004 | DEBUG | Using selector: SelectSelector
2026-06-14 14:45:10,653 | DEBUG | Using selector: SelectSelector
2026-06-14 14:45:16,332 | DEBUG | Using selector: SelectSelector
2026-06-14 14:47:33,338 | DEBUG | Using selector: SelectSelector
2026-06-14 14:48:12,559 | DEBUG | Using selector: SelectSelector
2026-06-14 14:48:46,423 | DEBUG | Using selector: SelectSelector
2026-06-14 14:48:51,803 | DEBUG | User wants to see a book by id
2026-06-14 14:49:13,151 | DEBUG | Using selector: SelectSelector
2026-06-14 14:49:17,721 | DEBUG | Using selector: SelectSelector
2026-06-14 14:49:28,225 | DEBUG | Using selector: SelectSelector
2026-06-14 14:49:43,238 | DEBUG | Using selector: SelectSelector
2026-06-14 14:49:43,334 | DEBUG | User wants to see a book by id
2026-06-14 14:49:50,748 | DEBUG | Using selector: SelectSelector
2026-06-14 14:49:53,378 | DEBUG | User wants to see a book by id
2026-06-14 14:50:16,829 | DEBUG | Using selector: SelectSelector
2026-06-14 14:50:18,206 | DEBUG | Using selector: SelectSelector
2026-06-14 14:50:24,896 | DEBUG | Using selector: SelectSelector
2026-06-14 14:50:26,977 | DEBUG | Using selector: SelectSelector
2026-06-14 14:50:28,382 | DEBUG | Using selector: SelectSelector
2026-06-14 14:50:28,768 | DEBUG | User wants to see a book by id
2026-06-14 14:50:28,799 | DEBUG | AAA
2026-06-14 14:51:44,604 | DEBUG | Using selector: SelectSelector
2026-06-14 14:51:54,289 | DEBUG | Using selector: SelectSelector
2026-06-14 14:52:26,750 | DEBUG | User wants to see a book by id
2026-06-14 14:52:49,349 | DEBUG | Using selector: SelectSelector
2026-06-14 14:52:49,538 | DEBUG | User wants to see a book by id
2026-06-14 14:52:49,568 | DEBUG | AAA
2026-06-14 14:52:59,310 | DEBUG | Using selector: SelectSelector
2026-06-14 14:53:15,302 | DEBUG | Using selector: SelectSelector
2026-06-14 14:53:21,887 | DEBUG | Using selector: SelectSelector
2026-06-14 14:53:29,221 | DEBUG | Using selector: SelectSelector
2026-06-14 14:53:34,887 | DEBUG | Using selector: SelectSelector
2026-06-14 14:53:36,600 | DEBUG | Using selector: SelectSelector
2026-06-14 14:53:41,920 | DEBUG | Using selector: SelectSelector
2026-06-14 14:53:42,108 | DEBUG | User wants to see a book by id
2026-06-14 14:53:42,148 | DEBUG | AAA
2026-06-14 14:53:52,756 | DEBUG | Using selector: SelectSelector
2026-06-14 14:54:35,083 | DEBUG | Using selector: SelectSelector
2026-06-14 14:54:36,985 | DEBUG | Using selector: SelectSelector
2026-06-14 14:54:37,155 | DEBUG | User wants to see a book by id
2026-06-14 14:54:46,297 | DEBUG | Using selector: SelectSelector
2026-06-14 14:55:06,742 | DEBUG | Using selector: SelectSelector
2026-06-14 14:55:18,503 | DEBUG | Using selector: SelectSelector
2026-06-14 14:55:22,198 | DEBUG | Using selector: SelectSelector
2026-06-14 14:55:24,312 | DEBUG | User wants to see a book by id
2026-06-14 14:55:31,956 | DEBUG | Using selector: SelectSelector
2026-06-14 14:55:58,845 | DEBUG | Using selector: SelectSelector
2026-06-14 14:55:59,542 | DEBUG | User wants to see a book by id
2026-06-14 14:56:37,586 | DEBUG | Using selector: SelectSelector
2026-06-14 14:56:42,193 | DEBUG | Using selector: SelectSelector
2026-06-14 14:56:44,156 | DEBUG | User wants to see a book by id
2026-06-14 14:56:49,409 | DEBUG | User wants to see a book by id
2026-06-14 14:56:50,641 | DEBUG | Using selector: SelectSelector
2026-06-14 14:56:57,903 | DEBUG | Using selector: SelectSelector
2026-06-14 14:56:59,840 | DEBUG | User wants to see a book by id
2026-06-14 14:56:59,882 | INFO | The book were successfully displayed
2026-06-14 14:57:19,588 | DEBUG | Using selector: SelectSelector
2026-06-14 14:57:23,519 | DEBUG | User wants to see a book by id
2026-06-14 14:57:23,573 | INFO | The book were successfully displayed
2026-06-14 14:57:29,390 | DEBUG | User wants to see a book by id
2026-06-14 14:57:29,486 | INFO | The book were successfully displayed
2026-06-14 14:57:37,967 | DEBUG | User wants to see a book by id
2026-06-14 14:57:38,021 | INFO | The book were successfully displayed
2026-06-14 14:59:00,612 | DEBUG | Using selector: SelectSelector
2026-06-14 14:59:05,788 | DEBUG | User wants to see a book by id
2026-06-14 14:59:05,937 | INFO | The book were successfully displayed
2026-06-14 14:59:15,181 | DEBUG | Using selector: SelectSelector
2026-06-14 15:00:52,726 | DEBUG | Using selector: SelectSelector
2026-06-14 15:01:32,361 | DEBUG | Using selector: SelectSelector
2026-06-14 15:01:56,836 | DEBUG | Using selector: SelectSelector
2026-06-14 15:01:58,670 | DEBUG | Using selector: SelectSelector
2026-06-14 15:02:03,074 | DEBUG | Using selector: SelectSelector
2026-06-14 15:02:04,775 | DEBUG | Using selector: SelectSelector
2026-06-14 15:02:07,722 | DEBUG | Using selector: SelectSelector
2026-06-14 15:02:10,595 | DEBUG | Using selector: SelectSelector
2026-06-14 15:02:13,027 | DEBUG | Using selector: SelectSelector
2026-06-14 15:02:18,906 | DEBUG | Using selector: SelectSelector
2026-06-14 15:02:31,240 | DEBUG | Using selector: SelectSelector
2026-06-14 15:02:37,938 | DEBUG | Using selector: SelectSelector
2026-06-14 15:02:45,344 | DEBUG | Using selector: SelectSelector
2026-06-14 15:02:48,755 | DEBUG | User wants to see a book by id
2026-06-14 15:02:48,788 | INFO | The book were successfully displayed
2026-06-14 15:04:20,972 | DEBUG | Using selector: SelectSelector
2026-06-14 15:04:27,865 | DEBUG | Using selector: SelectSelector
2026-06-14 15:04:29,869 | DEBUG | Using selector: SelectSelector
2026-06-14 15:04:32,741 | DEBUG | Using selector: SelectSelector
2026-06-14 15:04:33,772 | DEBUG | Using selector: SelectSelector
2026-06-14 15:04:44,107 | DEBUG | Using selector: SelectSelector
2026-06-14 15:04:51,768 | DEBUG | Using selector: SelectSelector
2026-06-14 15:04:52,794 | DEBUG | Using selector: SelectSelector
2026-06-14 15:04:58,733 | DEBUG | Using selector: SelectSelector
2026-06-14 15:05:01,005 | DEBUG | Using selector: SelectSelector
2026-06-14 15:05:03,699 | DEBUG | Using selector: SelectSelector
2026-06-14 15:05:26,413 | DEBUG | Using selector: SelectSelector
2026-06-14 15:05:27,840 | DEBUG | Using selector: SelectSelector
2026-06-14 15:05:29,195 | DEBUG | Using selector: SelectSelector
2026-06-14 15:05:33,251 | DEBUG | User wants to see a book by id
2026-06-14 15:05:33,315 | INFO | The book were successfully displayed
2026-06-14 15:05:33,315 | ERROR | id not found
2026-06-14 15:08:17,281 | DEBUG | Using selector: SelectSelector
2026-06-14 15:08:18,968 | DEBUG | User wants to see a book by id
2026-06-14 15:08:19,019 | INFO | The book were successfully displayed
2026-06-14 15:08:24,966 | DEBUG | User wants to see a book by id
2026-06-14 15:08:25,077 | INFO | The book were successfully displayed
2026-06-14 15:08:25,078 | ERROR | id not found
2026-06-14 15:09:21,159 | DEBUG | User wants to see all books
2026-06-14 15:09:21,209 | INFO | The books were successfully displayed
2026-06-14 15:09:26,851 | DEBUG | User wants to see a book by id
2026-06-14 15:09:26,898 | INFO | The book were successfully displayed
2026-06-14 15:09:31,910 | DEBUG | User wants to see a book by id
2026-06-14 15:09:31,961 | INFO | The book were successfully displayed
2026-06-14 15:09:31,961 | ERROR | id not found
2026-06-14 15:09:51,216 | DEBUG | User wants to see a book by id
2026-06-14 15:09:51,250 | INFO | The book were successfully displayed
2026-06-14 15:09:51,250 | ERROR | id not found
2026-06-14 15:10:06,030 | DEBUG | User wants to see all books
2026-06-14 15:10:06,074 | INFO | The books were successfully displayed
2026-06-14 15:25:41,986 | DEBUG | Using selector: SelectSelector
2026-06-14 15:26:51,114 | DEBUG | User wants to update a book
2026-06-14 15:27:12,140 | DEBUG | Using selector: SelectSelector
2026-06-14 15:27:13,940 | DEBUG | Using selector: SelectSelector
2026-06-14 15:27:15,566 | DEBUG | Using selector: SelectSelector
2026-06-14 15:27:32,122 | DEBUG | Using selector: SelectSelector
2026-06-14 15:27:35,634 | DEBUG | Using selector: SelectSelector
2026-06-14 15:27:40,748 | DEBUG | Using selector: SelectSelector
2026-06-14 15:27:41,374 | DEBUG | User wants to update a book
2026-06-14 15:27:41,418 | WARNING | User updating a book to mysql
2026-06-14 15:28:49,652 | DEBUG | Using selector: SelectSelector
2026-06-14 15:28:50,762 | DEBUG | User wants to update a book
2026-06-14 15:28:50,798 | WARNING | User updating a book to mysql
2026-06-14 15:28:56,236 | DEBUG | Using selector: SelectSelector
2026-06-14 15:30:18,223 | DEBUG | Using selector: SelectSelector
2026-06-14 15:30:23,698 | DEBUG | Using selector: SelectSelector
2026-06-14 15:30:29,168 | DEBUG | Using selector: SelectSelector
2026-06-14 15:30:37,441 | DEBUG | Using selector: SelectSelector
2026-06-14 15:30:48,950 | DEBUG | User wants to update a book
2026-06-14 15:30:49,096 | WARNING | User updating a book to mysql
2026-06-14 15:32:17,306 | DEBUG | Using selector: SelectSelector
2026-06-14 15:32:19,963 | DEBUG | Using selector: SelectSelector
2026-06-14 15:32:32,272 | DEBUG | Using selector: SelectSelector
2026-06-14 15:32:35,997 | DEBUG | Using selector: SelectSelector
2026-06-14 15:32:38,777 | DEBUG | User wants to update a book
2026-06-14 15:32:38,858 | WARNING | User updating a book to mysql
2026-06-14 15:32:54,077 | DEBUG | Using selector: SelectSelector
2026-06-14 15:33:16,556 | DEBUG | Using selector: SelectSelector
2026-06-14 15:33:21,281 | DEBUG | Using selector: SelectSelector
2026-06-14 15:33:22,927 | DEBUG | User wants to update a book
2026-06-14 15:33:22,962 | WARNING | User updating a book to mysql
2026-06-14 15:34:02,893 | DEBUG | User wants to update a book
2026-06-14 15:34:02,944 | WARNING | User updating a book to mysql
2026-06-14 15:34:13,207 | DEBUG | Using selector: SelectSelector
2026-06-14 15:34:15,496 | DEBUG | Using selector: SelectSelector
2026-06-14 15:34:33,608 | DEBUG | Using selector: SelectSelector
2026-06-14 15:34:35,390 | DEBUG | Using selector: SelectSelector
2026-06-14 15:34:37,207 | DEBUG | Using selector: SelectSelector
2026-06-14 15:34:41,627 | DEBUG | Using selector: SelectSelector
2026-06-14 15:35:22,115 | DEBUG | Using selector: SelectSelector
2026-06-14 15:35:33,867 | DEBUG | Using selector: SelectSelector
2026-06-14 15:35:35,962 | DEBUG | Using selector: SelectSelector
2026-06-14 15:35:38,477 | DEBUG | Using selector: SelectSelector
2026-06-14 15:35:39,560 | DEBUG | User wants to update a book
2026-06-14 15:35:48,931 | DEBUG | Using selector: SelectSelector
2026-06-14 15:35:49,101 | DEBUG | User wants to update a book
2026-06-14 15:35:49,130 | WARNING | User updating a book to mysql
2026-06-14 15:37:15,142 | DEBUG | Using selector: SelectSelector
2026-06-14 15:37:18,121 | DEBUG | Using selector: SelectSelector
2026-06-14 15:37:20,792 | DEBUG | Using selector: SelectSelector
2026-06-14 15:37:25,283 | DEBUG | Using selector: SelectSelector
2026-06-14 15:37:27,621 | DEBUG | Using selector: SelectSelector
2026-06-14 15:37:32,089 | DEBUG | Using selector: SelectSelector
2026-06-14 15:37:45,015 | DEBUG | User wants to update a book
2026-06-14 15:38:00,461 | DEBUG | Using selector: SelectSelector
2026-06-14 15:38:02,192 | DEBUG | User wants to update a book
2026-06-14 15:38:02,243 | WARNING | User updating a book to mysql
2026-06-14 15:38:18,247 | DEBUG | Using selector: SelectSelector
2026-06-14 15:38:19,400 | DEBUG | User wants to update a book
2026-06-14 15:38:37,060 | DEBUG | Using selector: SelectSelector
2026-06-14 15:38:38,550 | DEBUG | User wants to update a book
2026-06-14 15:38:38,599 | WARNING | User updating a book to mysql
2026-06-14 15:38:55,530 | DEBUG | Using selector: SelectSelector
2026-06-14 15:39:04,577 | DEBUG | Using selector: SelectSelector
2026-06-14 15:39:09,325 | DEBUG | Using selector: SelectSelector
2026-06-14 15:39:16,183 | DEBUG | Using selector: SelectSelector
2026-06-14 15:39:18,983 | DEBUG | Using selector: SelectSelector
2026-06-14 15:39:24,363 | DEBUG | Using selector: SelectSelector
2026-06-14 15:39:59,380 | DEBUG | User wants to update a book
2026-06-14 15:39:59,420 | WARNING | User updating a book to mysql
2026-06-14 15:40:13,112 | DEBUG | Using selector: SelectSelector
2026-06-14 15:40:18,707 | DEBUG | Using selector: SelectSelector
2026-06-14 15:40:24,049 | DEBUG | Using selector: SelectSelector
2026-06-14 15:42:39,647 | DEBUG | User wants to update a book
2026-06-14 15:42:39,704 | WARNING | User updating a book to mysql
2026-06-14 15:44:09,602 | DEBUG | Using selector: SelectSelector
2026-06-14 15:44:12,981 | DEBUG | Using selector: SelectSelector
2026-06-14 15:44:14,693 | DEBUG | Using selector: SelectSelector
2026-06-14 15:44:24,955 | DEBUG | Using selector: SelectSelector
2026-06-14 15:44:26,662 | DEBUG | Using selector: SelectSelector
2026-06-14 15:44:29,496 | DEBUG | User wants to update a book
2026-06-14 15:44:51,015 | DEBUG | Using selector: SelectSelector
2026-06-14 15:44:56,169 | DEBUG | Using selector: SelectSelector
2026-06-14 15:44:58,488 | DEBUG | Using selector: SelectSelector
2026-06-14 15:45:02,309 | DEBUG | User wants to update a book
2026-06-14 15:45:02,370 | WARNING | User updating a book to mysql
2026-06-14 15:45:12,731 | DEBUG | Using selector: SelectSelector
2026-06-14 15:45:13,916 | DEBUG | User wants to update a book
2026-06-14 15:45:13,961 | WARNING | User updating a book to mysql
2026-06-14 15:45:19,224 | DEBUG | Using selector: SelectSelector
2026-06-14 15:46:33,851 | DEBUG | Using selector: SelectSelector
2026-06-14 15:46:34,365 | DEBUG | User wants to update a book
2026-06-14 15:46:34,398 | WARNING | User updating a book to mysql
2026-06-14 15:46:39,400 | DEBUG | Using selector: SelectSelector
2026-06-14 15:47:25,626 | DEBUG | Using selector: SelectSelector
2026-06-14 15:47:27,276 | DEBUG | Using selector: SelectSelector
2026-06-14 15:47:30,330 | DEBUG | User wants to update a book
2026-06-14 15:47:30,371 | WARNING | User updating a book to mysql
2026-06-14 15:47:46,533 | DEBUG | Using selector: SelectSelector
2026-06-14 15:48:07,894 | DEBUG | Using selector: SelectSelector
2026-06-14 15:48:09,588 | DEBUG | Using selector: SelectSelector
2026-06-14 15:48:14,853 | DEBUG | Using selector: SelectSelector
2026-06-14 15:48:17,428 | DEBUG | Using selector: SelectSelector
2026-06-14 15:48:21,386 | DEBUG | Using selector: SelectSelector
2026-06-14 15:48:23,527 | DEBUG | Using selector: SelectSelector
2026-06-14 15:48:30,558 | DEBUG | Using selector: SelectSelector
2026-06-14 15:48:32,269 | DEBUG | Using selector: SelectSelector
2026-06-14 15:48:33,971 | DEBUG | User wants to update a book
2026-06-14 15:48:34,008 | WARNING | User updating a book to mysql
2026-06-14 15:48:42,922 | DEBUG | Using selector: SelectSelector
2026-06-14 15:48:47,991 | DEBUG | Using selector: SelectSelector
2026-06-14 15:48:50,705 | DEBUG | Using selector: SelectSelector
2026-06-14 15:48:51,256 | DEBUG | User wants to update a book
2026-06-14 15:48:51,291 | WARNING | User updating a book to mysql
2026-06-14 15:48:59,393 | DEBUG | Using selector: SelectSelector
2026-06-14 15:54:07,264 | DEBUG | Using selector: SelectSelector
2026-06-14 15:54:13,805 | DEBUG | Using selector: SelectSelector
2026-06-14 15:55:19,326 | DEBUG | Using selector: SelectSelector
2026-06-14 15:55:42,473 | DEBUG | Using selector: SelectSelector
2026-06-14 15:55:44,594 | DEBUG | Using selector: SelectSelector
2026-06-14 15:55:47,222 | DEBUG | Using selector: SelectSelector
2026-06-14 15:55:53,270 | DEBUG | Using selector: SelectSelector
2026-06-14 15:55:55,477 | DEBUG | Using selector: SelectSelector
2026-06-14 15:55:58,792 | DEBUG | Using selector: SelectSelector
2026-06-14 15:56:11,132 | DEBUG | Using selector: SelectSelector
2026-06-14 15:56:15,787 | DEBUG | Using selector: SelectSelector
2026-06-14 15:56:24,839 | DEBUG | User wants to update a book
2026-06-14 15:57:06,563 | DEBUG | Using selector: SelectSelector
2026-06-14 15:58:16,335 | DEBUG | Using selector: SelectSelector
2026-06-14 15:58:36,754 | DEBUG | User wants to update a book
2026-06-14 15:58:36,866 | WARNING | User updating a book to mysql
2026-06-14 15:59:05,709 | DEBUG | Using selector: SelectSelector
2026-06-14 15:59:09,035 | DEBUG | User wants to update a book
2026-06-14 15:59:09,194 | WARNING | User updating a book to mysql
2026-06-14 15:59:16,909 | DEBUG | Using selector: SelectSelector
2026-06-14 15:59:19,706 | DEBUG | Using selector: SelectSelector
2026-06-14 15:59:57,689 | DEBUG | Using selector: SelectSelector
2026-06-14 16:00:00,584 | DEBUG | Using selector: SelectSelector
2026-06-14 16:01:48,820 | DEBUG | Using selector: SelectSelector
2026-06-14 16:01:50,569 | DEBUG | Using selector: SelectSelector
2026-06-14 16:01:53,751 | DEBUG | Using selector: SelectSelector
2026-06-14 16:01:58,064 | DEBUG | Using selector: SelectSelector
2026-06-14 16:02:10,141 | DEBUG | Using selector: SelectSelector
2026-06-14 16:02:12,363 | DEBUG | Using selector: SelectSelector
2026-06-14 16:02:23,982 | DEBUG | Using selector: SelectSelector
2026-06-14 16:02:28,459 | DEBUG | Using selector: SelectSelector
2026-06-14 16:02:32,288 | DEBUG | Using selector: SelectSelector
2026-06-14 16:02:39,167 | DEBUG | Using selector: SelectSelector
2026-06-14 16:02:40,992 | DEBUG | Using selector: SelectSelector
2026-06-14 16:02:44,064 | DEBUG | Using selector: SelectSelector
2026-06-14 16:03:23,457 | DEBUG | Using selector: SelectSelector
2026-06-14 16:03:26,279 | DEBUG | Using selector: SelectSelector
2026-06-14 16:03:28,504 | DEBUG | Using selector: SelectSelector
2026-06-14 16:03:31,056 | DEBUG | User wants to update a book
2026-06-14 16:03:44,999 | DEBUG | Using selector: SelectSelector
2026-06-14 16:07:32,873 | DEBUG | Using selector: SelectSelector
2026-06-14 16:07:37,529 | DEBUG | Using selector: SelectSelector
2026-06-14 16:07:40,557 | DEBUG | Using selector: SelectSelector
2026-06-14 16:07:42,972 | DEBUG | Using selector: SelectSelector
2026-06-14 16:08:37,157 | DEBUG | User wants to update a book
2026-06-14 16:08:37,223 | WARNING | User updating a book to mysql
2026-06-14 16:09:09,765 | DEBUG | Using selector: SelectSelector
2026-06-14 16:12:47,123 | DEBUG | Using selector: SelectSelector
2026-06-14 16:12:50,072 | DEBUG | Using selector: SelectSelector
2026-06-14 16:12:56,794 | DEBUG | Using selector: SelectSelector
2026-06-14 16:12:59,340 | DEBUG | Using selector: SelectSelector
2026-06-14 16:13:04,162 | DEBUG | Using selector: SelectSelector
2026-06-14 16:13:12,339 | DEBUG | Using selector: SelectSelector
2026-06-14 16:13:13,649 | DEBUG | Using selector: SelectSelector
2026-06-14 16:13:21,461 | DEBUG | Using selector: SelectSelector
2026-06-14 16:13:34,600 | DEBUG | User wants to update a book
2026-06-14 16:13:34,680 | WARNING | User updating a book to mysql
2026-06-14 16:13:34,715 | INFO | The book was updated successfully
2026-06-14 16:17:11,652 | DEBUG | Using selector: SelectSelector
2026-06-14 16:17:13,605 | DEBUG | Using selector: SelectSelector
2026-06-14 16:20:53,836 | DEBUG | Using selector: SelectSelector
